Determining if the pthread_create exist failed with the following output:
Change Dir: /auto/fsb/cramsted/Documents/EE483/Controls/lab6/whirlybird_ws/build/CMakeFiles/CMakeTmp

Run Build Command:"/usr/bin/make" "cmTC_3bd25/fast"
/usr/bin/make -f CMakeFiles/cmTC_3bd25.dir/build.make CMakeFiles/cmTC_3bd25.dir/build
make[1]: Entering directory '/auto/fsb/cramsted/Documents/EE483/Controls/lab6/whirlybird_ws/build/CMakeFiles/CMakeTmp'
Building C object CMakeFiles/cmTC_3bd25.dir/CheckSymbolExists.c.o
/usr/bin/cc     -o CMakeFiles/cmTC_3bd25.dir/CheckSymbolExists.c.o   -c /auto/fsb/cramsted/Documents/EE483/Controls/lab6/whirlybird_ws/build/CMakeFiles/CMakeTmp/CheckSymbolExists.c
Linking C executable cmTC_3bd25
/usr/bin/cmake -E cmake_link_script CMakeFiles/cmTC_3bd25.dir/link.txt --verbose=1
/usr/bin/cc       CMakeFiles/cmTC_3bd25.dir/CheckSymbolExists.c.o  -o cmTC_3bd25 -rdynamic 
CMakeFiles/cmTC_3bd25.dir/CheckSymbolExists.c.o: In function `main':
CheckSymbolExists.c:(.text+0x16): undefined reference to `pthread_create'
collect2: error: ld returned 1 exit status
CMakeFiles/cmTC_3bd25.dir/build.make:97: recipe for target 'cmTC_3bd25' failed
make[1]: *** [cmTC_3bd25] Error 1
make[1]: Leaving directory '/auto/fsb/cramsted/Documents/EE483/Controls/lab6/whirlybird_ws/build/CMakeFiles/CMakeTmp'
Makefile:126: recipe for target 'cmTC_3bd25/fast' failed
make: *** [cmTC_3bd25/fast] Error 2

File /auto/fsb/cramsted/Documents/EE483/Controls/lab6/whirlybird_ws/build/CMakeFiles/CMakeTmp/CheckSymbolExists.c:
/* */
#include <pthread.h>

int main(int argc, char** argv)
{
  (void)argv;
#ifndef pthread_create
  return ((int*)(&pthread_create))[argc];
#else
  (void)argc;
  return 0;
#endif
}

Determining if the function pthread_create exists in the pthreads failed with the following output:
Change Dir: /auto/fsb/cramsted/Documents/EE483/Controls/lab6/whirlybird_ws/build/CMakeFiles/CMakeTmp

Run Build Command:"/usr/bin/make" "cmTC_c3041/fast"
/usr/bin/make -f CMakeFiles/cmTC_c3041.dir/build.make CMakeFiles/cmTC_c3041.dir/build
make[1]: Entering directory '/auto/fsb/cramsted/Documents/EE483/Controls/lab6/whirlybird_ws/build/CMakeFiles/CMakeTmp'
Building C object CMakeFiles/cmTC_c3041.dir/CheckFunctionExists.c.o
/usr/bin/cc    -DCHECK_FUNCTION_EXISTS=pthread_create   -o CMakeFiles/cmTC_c3041.dir/CheckFunctionExists.c.o   -c /usr/share/cmake-3.5/Modules/CheckFunctionExists.c
Linking C executable cmTC_c3041
/usr/bin/cmake -E cmake_link_script CMakeFiles/cmTC_c3041.dir/link.txt --verbose=1
/usr/bin/cc   -DCHECK_FUNCTION_EXISTS=pthread_create    CMakeFiles/cmTC_c3041.dir/CheckFunctionExists.c.o  -o cmTC_c3041 -rdynamic -lpthreads 
/usr/bin/ld: cannot find -lpthreads
collect2: error: ld returned 1 exit status
CMakeFiles/cmTC_c3041.dir/build.make:97: recipe for target 'cmTC_c3041' failed
make[1]: *** [cmTC_c3041] Error 1
make[1]: Leaving directory '/auto/fsb/cramsted/Documents/EE483/Controls/lab6/whirlybird_ws/build/CMakeFiles/CMakeTmp'
Makefile:126: recipe for target 'cmTC_c3041/fast' failed
make: *** [cmTC_c3041/fast] Error 2


